<?xml version="1.0" encoding="UTF-8"?>
<!-- Generated by org.testng.reporters.JUnitXMLReporter -->
<testsuite ignored="1" hostname="DESKTOP-FT6J0VL" failures="0" tests="1" name="Default test" time="0.109" errors="0" timestamp="2021-05-05T23:09:24 IST">
  <testcase classname="qaclickacademy.MavenJava.Appium" name="negative" time="0.013"/>
  <testcase classname="qaclickacademy.MavenJava.Appium" name="IosApp" time="0.0">
    <ignored/>
  </testcase> <!-- IosApp -->
</testsuite> <!-- Default test -->
