<?xml version="1.0" encoding="UTF-8"?>
<!-- Generated by org.testng.reporters.JUnitXMLReporter -->
<testsuite hostname="DESKTOP-FT6J0VL" ignored="0" name="Test" tests="6" failures="0" timestamp="05 May 2021 19:30:06 GMT" time="0.08" errors="0">
  <testcase name="deleteTwitter" time="0.028" classname="qaclickacademy.MavenJava.RestApiTest"/>
  <testcase name="postJira" time="0.002" classname="qaclickacademy.MavenJava.RestApiTest"/>
  <testcase name="iosApp" time="0.001" classname="qaclickacademy.MavenJava.AppiumTest"/>
  <testcase name="negativeApi" time="0.001" classname="qaclickacademy.MavenJava.AppiumTest"/>
  <testcase name="BrowserAction" time="0.0" classname="qaclickacademy.MavenJava.SeleniumTest"/>
  <testcase name="elementUI" time="0.002" classname="qaclickacademy.MavenJava.SeleniumTest"/>
</testsuite> <!-- Test -->
