<?xml version="1.0" encoding="UTF-8"?>
<testng-results skipped="0" failed="0" ignored="0" total="6" passed="6">
  <reporter-output>
  </reporter-output>
  <suite name="Suite" duration-ms="80" started-at="2021-05-05T19:30:06Z" finished-at="2021-05-05T19:30:06Z">
    <groups>
    </groups>
    <test name="Test" duration-ms="80" started-at="2021-05-05T19:30:06Z" finished-at="2021-05-05T19:30:06Z">
      <class name="qaclickacademy.MavenJava.RestApiTest">
        <test-method status="PASS" signature="deleteTwitter()[pri:0, instance:qaclickacademy.MavenJava.RestApiTest@1e730495]" name="deleteTwitter" duration-ms="28" started-at="2021-05-05T19:30:06Z" finished-at="2021-05-05T19:30:06Z">
          <reporter-output>
          </reporter-output>
        </test-method> <!-- deleteTwitter -->
        <test-method status="PASS" signature="postJira()[pri:0, instance:qaclickacademy.MavenJava.RestApiTest@1e730495]" name="postJira" duration-ms="2" started-at="2021-05-05T19:30:06Z" finished-at="2021-05-05T19:30:06Z">
          <reporter-output>
          </reporter-output>
        </test-method> <!-- postJira -->
      </class> <!-- qaclickacademy.MavenJava.RestApiTest -->
      <class name="qaclickacademy.MavenJava.SeleniumTest">
        <test-method status="PASS" signature="BrowserAction()[pri:0, instance:qaclickacademy.MavenJava.SeleniumTest@6b19b79]" name="BrowserAction" duration-ms="0" started-at="2021-05-05T19:30:06Z" finished-at="2021-05-05T19:30:06Z">
          <reporter-output>
          </reporter-output>
        </test-method> <!-- BrowserAction -->
        <test-method status="PASS" signature="elementUI()[pri:0, instance:qaclickacademy.MavenJava.SeleniumTest@6b19b79]" name="elementUI" duration-ms="2" started-at="2021-05-05T19:30:06Z" finished-at="2021-05-05T19:30:06Z">
          <reporter-output>
          </reporter-output>
        </test-method> <!-- elementUI -->
      </class> <!-- qaclickacademy.MavenJava.SeleniumTest -->
      <class name="qaclickacademy.MavenJava.AppiumTest">
        <test-method status="PASS" signature="iosApp()[pri:0, instance:qaclickacademy.MavenJava.AppiumTest@60704c]" name="iosApp" duration-ms="1" started-at="2021-05-05T19:30:06Z" finished-at="2021-05-05T19:30:06Z">
          <reporter-output>
          </reporter-output>
        </test-method> <!-- iosApp -->
        <test-method status="PASS" signature="negativeApi()[pri:0, instance:qaclickacademy.MavenJava.AppiumTest@60704c]" name="negativeApi" duration-ms="1" started-at="2021-05-05T19:30:06Z" finished-at="2021-05-05T19:30:06Z">
          <reporter-output>
          </reporter-output>
        </test-method> <!-- negativeApi -->
      </class> <!-- qaclickacademy.MavenJava.AppiumTest -->
    </test> <!-- Test -->
  </suite> <!-- Suite -->
</testng-results>
